2024-12-08 11:30:51 | INFO | main:handle_scenario:40 - [ChatBot]: James: Hi there! I'm James, the professional dating coach for you. Tell me about more.

对话提示: 
I often feel nervous on first dates and tend to overthink things. Could you share any strategies for staying relaxed and present?
我经常在第一次约会时感到紧张并且倾向于想得太多。您能分享一些保持放松和活在当下的策略吗？
2024-12-08 11:31:17 | INFO | main:handle_scenario:40 - [ChatBot]: James: Ah, great question! Starting a date conversation can be as simple as finding common ground. Ask open-ended questions that show genuine interest in getting to know the other person.

For example, you could say something like:

"Hi, it's so nice to finally meet you. What do you like to do on a typical weekend?"

or
"I've been here a few times before, but I've never tried their [insert food/drink]. Have you?"

These kinds of questions can lead to some great conversations and help you find out if there's any chemistry between the two of you.

对话提示: 
How about we say something like "What brings you here tonight?"? What do you think she might respond with?
我们说“今晚您来这里有何目的？”？她可能会怎么回应呢？

(By the way, let's try to stay focused on a date scenario. We can discuss other topics after this one.)
2024-12-08 11:36:40 | INFO | main:handle_scenario:40 - [ChatBot]: James: Ah, you're trying to be smooth! Saying "You look beautiful" can definitely come across as flattering, but it might also feel a bit too straightforward or even cheesy. People on dates often appreciate subtlety.

Why not try something a bit more light-hearted and playful instead? You could say something like:

"I love your scarf/shirt/accessory - where did you get it?"
or
"You have such an interesting style, I'm curious to know more about it."

These kinds of comments can show that you're paying attention to the little details and care about the other person's interests.

对话提示: 
What do you think she might say if you complimented her on a specific thing, like a book or a movie? For example, "I saw that you're reading [book title] - what do you think of it?"
您想问的是，如果您关于她喜欢的书或电影给予积极评价，她会怎么回答，比如说“您看过《xxx》？”？
2024-12-08 11:40:00 | INFO | main:handle_scenario:40 - [ChatBot]: James: Showing genuine interest in someone is key to making a good impression.

Here are some more ideas for questions that show you're interested in getting to know them better:

* "What do you like to do in your free time?"
* "Have you traveled anywhere exciting recently?"
* "What kind of music/movies/books do you enjoy?"
* "Do you have any hobbies or passions outside of work?"

Remember, the goal is to ask open-ended questions that encourage conversation and help you learn more about each other.

对话提示: 
You could also ask follow-up questions based on their interests. For example, if they mention a hobby, you might say "That's really cool! I've always wanted to try [related activity]. Have you ever taught anyone else how to do it?"
您也可以根据他们的兴趣提出一些跟进问题，比如，如果他们提到一个爱好，您可能会说：“这很酷！我一直想学[相关活动]。你有教过其他人做这个吗？”

(By the way, let's try to keep our conversation flowing naturally. Remember, a date is about getting to know each other!)
2024-12-08 11:42:53 | INFO | main:handle_scenario:40 - [ChatBot]: James: Sounds like fun! Let's imagine we're at a coffee shop on a Saturday afternoon. I'll play the part of your date.

(I smile and lean back in my chair, looking relaxed)

Hi there, thanks for meeting me today. How's your day been so far?

对话提示:
Tell me about your week. What have you been up to?
您可以说：“这周我做了很多事。”或“最近忙着工作”。

(By the way, don't worry if you make mistakes – we're just practicing!)
2024-12-08 11:47:04 | INFO | main:handle_scenario:40 - [ChatBot]: James: (smiling) Ah, Python programming, that's impressive! I've always been fascinated by AI and machine learning myself. What sparked your interest in those areas?

(I lean forward slightly, showing genuine curiosity)

And as for me, I've been working on a project to develop a mobile app for environmental conservation. It's been a challenge, but it's also really rewarding.

对话提示:
You could ask me more about my project, or share something interesting about your own experiences with AI and machine learning.
您可以说：“那是一个很有意思的项目。您在做什么？”或“机器学习和人工智能是如何运作的？”

(Remember to keep the conversation flowing naturally!)
2024-12-08 11:48:38 | INFO | main:handle_scenario:40 - [ChatBot]: James: (excitedly) Ah, sure! So, I'm trying to create an app that helps people reduce their carbon footprint by making sustainable choices. It's a bit of a challenge, but it's really rewarding to see the impact we can make.

(We both lean in, interested in each other's conversation)

For example, the app suggests ways for users to reduce energy consumption at home, like turning off lights when not in use or using public transportation instead of driving. It also provides information on local sustainable initiatives and events.

对话提示:
You could ask me more about the technical aspects of the project, or share your own experiences with reducing carbon footprint.
您可以说：“那是一个很有意思的想法。你是怎么开始这个项目的？”或“我的家里也有很多地方可以做的。”
2024-12-08 11:55:07 | INFO | main:handle_scenario:40 - [ChatBot]: James: (laughs) Thank you so much! I really appreciate your support. And I completely agree with you about the impact of mindless scrolling and addiction. It's a big issue, but if we can use tech to make a positive change, that's exactly what we should be doing.

(I smile and take a sip of my coffee)

By the way, have you ever thought about how technology can be used to bring people together? I've been thinking about that a lot lately, and it's really inspiring.

对话提示:
You could ask me more about what I mean by bringing people together, or share your own thoughts on the topic.
您可以说：“是什么让你想起这点？”或“我也是很感兴趣的。”
2024-12-08 11:56:16 | INFO | main:handle_scenario:40 - [ChatBot]: James: (smiling) Well, I was thinking about how technology can be used to connect people who share similar interests or values. For example, there are apps that allow people to find and join local community groups, or websites that facilitate online volunteer opportunities.

(I lean in slightly, getting more enthusiastic)

But what if we could use tech to bring people together around environmental issues? Imagine an app that connects people who want to start a community garden with others who have expertise in sustainable gardening practices. Or a platform that allows people to share knowledge and resources on reducing waste.

对话提示:
You could ask me more about the possibilities of this idea, or share your own thoughts on how technology can be used for social good.
您可以说：“那是一个很有意思的想法。你是怎么想到这个？”或“我也是认为技术可以做很多好的事情。”
2024-12-08 12:05:04 | INFO | main:handle_scenario:40 - [ChatBot]: James: (laughs) Ah, I appreciate your honesty! You're right, making an app like that would require significant resources and a team effort. But I'm not looking for someone to fund my project just yet.

(I smile and take another sip of my coffee)

Actually, I think you're asking the right questions. How do we start something like this without breaking the bank or trying to go it alone? That's where collaboration and community come in.

And don't worry about "pouring water" on my idea – that's a great way to phrase it! As your coach, I'd say you're using the expression perfectly. You're not dismissing my idea, but rather, you're critically thinking about its feasibility and asking for clarification.

对话提示:
You could ask me more about how we can collaborate or find resources to support this project.
您可以说：“那我们怎么做呢？”或“有没有其他办法来解决这个问题？”

(By the way, I'm impressed with your English skills! Keep it up!)
2024-12-08 12:12:41 | INFO | main:handle_scenario:40 - [ChatBot]: James: (smiles) Ah, I think that's a great idea to take a step back and review our conversation! As your coach, I'm glad we could simulate this dating scenario together.

(I nod thoughtfully)

From my perspective, you came across as genuine, curious, and respectful. You asked thoughtful questions, listened actively, and showed interest in the topic of environmental conservation. Those are all great qualities to have on a date!

However, I did notice that you didn't ask too many personal questions or try to steer the conversation towards more lighthearted topics. While it's great that you're interested in getting to know me better, dating is also about having fun and being yourself.

对话提示:
You could reflect on my feedback, ask for more specific suggestions, or share your own thoughts on what makes a good date.
您可以说：“我理解你的意思，怎么可以变得更轻松一些？”或“我也想要知道更多关于你。”
2024-12-08 12:15:47 | INFO | main:handle_scenario:40 - [ChatBot]: James: (smiles) Excellent questions! Changing topics in a natural way can be challenging, but it's an art that comes with practice.

One approach is to use transitional phrases or sentences that help you move from one topic to another. For example, you could say something like, "Speaking of environmental conservation, I've been meaning to ask you about your favorite outdoor activities."

Another strategy is to pay attention to the other person's body language and verbal cues. If they seem to be getting tired of a particular topic or starting to lose interest, it might be a good time to change gears.

As for knowing when to change topics, here are a few signs:

* They start to fidget or look at their watch
* Their responses become less enthusiastic or more brief
* They start asking questions about other topics or changing the subject themselves

Of course, these are just general guidelines. The key is to be aware of your own body language and verbal cues as well, so you can respond in a way that feels natural and authentic.

对话提示:
You could ask me more specific questions about how to use transitional phrases or pay attention to body language.
您可以说：“我可以练习用一些特殊的表达来转换话题吗？”或“我想要知道如何更好地观察对方的身体语言。”
2024-12-08 12:19:34 | INFO | main:handle_scenario:40 - [ChatBot]: James: (nods) That can be a tough spot! If you notice your date starting to lose interest, it's essential to respond in a way that acknowledges their feelings without putting them on the spot.

One approach is to say something like, "Hey, I feel like we're getting a bit off track. Is there something else you'd rather talk about or would you like me to suggest a new topic?"

This gives your date an opportunity to steer the conversation in a direction they prefer, while also showing that you're paying attention to their needs and interests.

Another strategy is to use humor to diffuse any awkwardness. You could say something lighthearted like, "I think we've talked enough about environmental conservation for one evening! What do you say we switch gears and talk about something more fun?"

The goal is to show your date that you're flexible, attentive, and willing to adapt to the conversation.

对话提示:
You could ask me more specific questions about how to handle awkward silences or when to take a break from the conversation.
您可以说：“如果对方变得非常沉默，应该怎么做？”或“我想要知道如何避免谈话太尴尬。”
2024-12-08 12:22:09 | INFO | main:handle_scenario:40 - [ChatBot]: James: (smiles) Excellent question! Knowing when to take a break from the conversation can be just as important as knowing how to navigate awkward silences.

A good rule of thumb is to pay attention to your own energy levels and body language. If you find yourself feeling drained, uncomfortable, or like you're struggling to think of something to say, it might be time to take a break.

You could suggest taking a walk, getting some fresh air, or even just stepping away for a minute to grab a drink. This gives both of you a chance to recharge and come back to the conversation with renewed energy.

Another sign that it's time for a break is if you notice your date seems to be checking their phone or looking around the room. While this might not necessarily mean they're bored, it can indicate that they're getting distracted or feeling like they need some space.

Remember, taking a break doesn't have to mean the conversation is over. It's just a pause in the flow of talking, and you can always pick up where you left off later.

对话提示:
You could ask me more specific questions about how to take a break without making it awkward or how to suggest it in a natural way.
您可以说：“如果我想要离开一下，应该怎么说？”或“我想要知道如何避免谈话被打断。”
2024-12-08 12:25:44 | INFO | main:handle_scenario:40 - [ChatBot]: James: (smiles warmly) Ah, I'm glad to hear that our conversation has been helpful! As your dating coach, I must say that I'm impressed with how open and receptive you've been to learning.

Your willingness to ask questions and seek guidance is a great quality in any potential partner. It shows that you're interested in personal growth, communication, and mutual understanding.

Remember, the key to successful dating is not just about knowing what to say or do, but also being genuine, empathetic, and willing to learn from others. You've taken some big steps forward today, and I'm confident that you'll continue to grow and improve with time.

Before we part ways, would you like to practice a final scenario or ask any more questions? Or perhaps you'd like me to give you some homework to work on before our next session?

对话提示:
You could ask me for feedback on your communication style or suggest areas where you'd like to improve.
您可以说：“我想知道我的交流方式有哪些地方需要改进？”或“我想要知道如何更好地倾听对方的观点。”
