2024-12-08 10:00:51 | INFO | main:handle_scenario:38 - [ChatBot]: **Welcome to our real estate agency!**

Tim: Hi, I'm your real estate agent, Tim. What kind of house do you want to rent?

对话提示:
I'm looking for an apartment near my company. Is there any suitable one?
我想在公司附近租一间公寓，请问有合适的吗？

Please tell me more about the type of house you're interested in, such as the number of bedrooms, location, and budget.
2024-12-08 10:02:21 | INFO | main:handle_scenario:38 - [ChatBot]: **Great preference!**

Tim: Ah, you're looking to rent an apartment near Google's headquarters. That's a great choice! Let me check what we have available.

I've got a few options that might interest you. We have a 2-bedroom apartment in a complex that's about a 10-minute walk from Google's main entrance. The rent is $3,500 per month, and the lease term is for 12 months. It comes with a shared gym and pool.

对话提示:
Can I see some pictures of the apartment? What are the amenities like?
能不能看一下公寓的照片？该公寓有哪些附属设施？

Please let me know if you'd like to learn more about this option or if you have any other preferences.
2024-12-08 10:03:33 | INFO | main:handle_scenario:38 - [ChatBot]: **One-bedroom option!**

Tim: Yes, we do have a one-bedroom apartment in the same complex that's about 5 minutes walking distance from Google's main entrance. It's a cozy unit with a small balcony and a great view of the surrounding area.

The rent for this apartment is $3,200 per month, and it's also available on a 12-month lease. However, I need to let you know that there's currently another applicant interested in this apartment as well. Would you like to schedule a viewing to see it in person?

对话提示:
How long does the viewing typically take? Is there any additional cost for the viewing?
看房通常需要多久？是否还有额外的费用？

Please let me know if you'd like to proceed with scheduling a viewing or if you have any other questions.
2024-12-08 10:04:52 | INFO | main:handle_scenario:38 - [ChatBot]: **Visualizing the apartment!**

Tim: Of course, I can send you some photos of the one-bedroom apartment. Let me just check which ones are available on our system... (sending photos)

Here's a picture of the living room: [send photo]

As you can see, it's a cozy space with large windows that let in plenty of natural light. The kitchen is fully equipped with modern appliances and has ample counter space.

对话提示:
What's the condition of the apartment? Is it furnished or unfurnished?
公寓的状态如何？是否有家具？

Please take a look at these photos and see if this apartment meets your needs.
2024-12-08 10:06:18 | INFO | main:handle_scenario:38 - [ChatBot]: **Furniture included!**

Tim: Yes, the one-bedroom apartment is fully furnished with modern furniture, including a queen-sized bed, a sofa, a dining table, and all the necessary kitchen appliances. The previous tenant moved out recently, so everything is still in great condition.

However, I need to mention that we're offering a discount for this apartment since it's been vacant for a few months. Would you like me to calculate the exact price with the discount applied?

对话提示:
What kind of furniture is included? Is there a washer and dryer in the unit?
公寓里包括哪种家具？是否有洗衣机和干衣机？

Please let me know if this sounds good to you, or if you have any other questions.
2024-12-08 10:07:38 | INFO | main:handle_scenario:38 - [ChatBot]: **Contract details!**

Tim: Great choice on the apartment! Now, let's talk about the contract. The lease term is 12 months, starting from April 1st and ending March 31st of next year. The rent is $3,200 per month, with a small increase to $3,300 after the first 6 months.

We also require a security deposit of one month's rent, which will be returned to you when you move out, provided the apartment is in good condition. Additionally, we have a pet policy that allows one cat or dog under 20 pounds.

The contract includes utilities such as electricity, water, and trash collection, but you'll need to set up internet and cable separately with your preferred providers. We also have a maintenance team on site to handle any issues that may arise during your stay.

对话提示:
What's the procedure for ending the lease early? Are there any penalties for breaking the contract?
如何提前结束租约？如果违约会有任何罚款吗？

Please review these details carefully and let me know if you have any questions or concerns.
2024-12-08 10:09:59 | INFO | main:handle_scenario:38 - [ChatBot]: **Breaking the lease!**

Tim: Ah, that's a good question. If you need to break the lease for any reason, including relocating to another city, we have a few options available.

Firstly, if you give us 60 days' notice in writing, we can work out an early termination clause with you. This would involve paying a penalty of one month's rent as compensation for our loss.

However, if you need to leave the apartment within less than 60 days, you'll be responsible for finding a replacement tenant to take over your lease. If you're unable to find a new tenant, you'll still be liable for the remaining rent due under the contract.

Additionally, we also have a clause in our contracts that requires tenants to pay for any damages or cleaning costs if they don't leave the apartment in good condition when they move out.

对话提示:
Is there a specific form I need to fill out for breaking the lease? How do I find a replacement tenant?
是否需要我填写特定的申请表？如何找到新的租户？

Please take your time to review these details and let me know if you have any further questions.
2024-12-08 10:12:46 | INFO | main:handle_scenario:38 - [ChatBot]: **Security Deposit!**

Tim: The security deposit for this apartment is equivalent to one month's rent, which would be $3,200. This amount will be deducted from your first month's rent when you move in.

However, I can offer you a discount on the rent if you're willing to pay the deposit upfront. We'll give you 2% off the monthly rent for the entire lease term if you pay the security deposit now.

So, instead of $3,200, you'd only need to pay $3,136 as a security deposit. Would you like me to update the contract with this new information?

对话提示:
Can I pay the deposit by credit card or bank transfer? Is there any difference between the two payment methods?
是否可以通过信用卡或银行转账支付？两种付款方法之间有任何区别吗？

Please let me know your preference, and we can finalize the details.
2024-12-08 10:14:19 | INFO | main:handle_scenario:38 - [ChatBot]: **Payment Methods!**

Tim: Ah, great question! We accept both credit card and bank transfers as payment methods for the security deposit.

If you'd like to pay by credit card, we accept Visa, Mastercard, and American Express. Please note that there's a 2% processing fee for credit card payments. So, if you choose to pay by credit card, the total amount would be $3,136 (deposit) + $64 (processing fee) = $3,200.

On the other hand, if you'd like to pay by bank transfer, we'll provide you with our bank account details, and you can initiate a direct deposit. There's no processing fee for bank transfers, so the total amount would remain at $3,136.

对话提示:
Can I set up automatic payments for the monthly rent? Is there any discount for paying the rent upfront?
是否可以设置自动付款？如果提前支付月租金，是否有任何折扣？

Please let me know your preferred payment method, and we can finalize the details.
2024-12-08 10:16:14 | INFO | main:handle_scenario:38 - [ChatBot]: **Amenities Nearby!**

Tim: Ah, yes! We have a few amenities nearby that you might find convenient.

There's a 24-hour convenience store just a 5-minute walk from here, where you can grab essentials like snacks, drinks, and toiletries. And if you're craving for something more substantial, there are several restaurants within a 10-15 minute walk, serving a range of cuisines including Chinese, Japanese, Korean, and Western food.

As for supermarkets, we have a medium-sized supermarket called "EasyMart" about a 20-minute walk from here, or a 5-minute drive by taxi. They offer a wide selection of fresh produce, meats, dairy products, and household essentials.

Additionally, there's a small park just across the street, perfect for a relaxing stroll or a picnic with friends and family.

对话提示:
Is there any gym or fitness center nearby? Can I request additional storage space in the unit?
附近是否有健身房或运动中心？我能否要求额外的储存空间吗？

Would you like me to provide more information on these amenities, or is there anything else you'd like to know?
2024-12-08 10:17:06 | INFO | main:handle_scenario:38 - [ChatBot]: **Finalizing the Details!**

Tim: Great, I'm glad we've been able to find a good fit for you. Let's finalize the details.

I'll need you to sign this lease agreement, which outlines the terms and conditions of your rental. It includes information on the rent, security deposit, utilities, and maintenance responsibilities.

Once you've signed the lease, we can schedule a move-in date that works for you. I'll also provide you with a set of keys and a parking permit.

Is there anything else you'd like to discuss or confirm before signing the lease?

对话提示:
What's the cancellation policy if I need to terminate the lease early? How much notice do I need to give?
如果我需要提前终止租约，什么是取消政策？我需要提前多少时间通知？

Please take a look at the lease agreement and let me know if you have any questions or concerns.
2024-12-08 10:18:06 | INFO | main:handle_scenario:38 - [ChatBot]: I can't continue this conversation with you. Is there anything else I can help you with?
2024-12-08 10:18:53 | INFO | main:handle_scenario:38 - [ChatBot]: **Back to Business as Usual!**

Tim: Ah, good one! Don't worry, I've heard it all before. Let's get back to finalizing the lease.

So, have you had a chance to review the agreement and understand the terms?

对话提示:
May I ask what's the policy on pets? Can I rent this unit with my cat?
是否允许带宠物租住？我想知道猫可以在这里租住吗？

I want to make sure we're all on the same page before you sign the lease.
2024-12-08 10:20:39 | INFO | main:handle_scenario:38 - [ChatBot]: **Finalizing the Lease!**

Tim: Great, I'm glad you're ready to move forward.

Let me just go over a few final details with you. The total rent for this month will be $1,500, as discussed earlier. You'll also need to pay a security deposit of one month's rent, which is $1,500.

I'll need you to sign the lease agreement and provide a copy of your government-issued ID.

对话提示:
When do I need to move in, and what's the process for accessing the unit? Can I schedule an appointment with you?
什么时候可以搬进来？如何进入租房单位？能否约时间与您见面？

Once everything is complete, we'll have a handshake agreement, and you can start enjoying your new home!

对话提示:
How do I pay my rent each month? Is there a preferred method or deadline?
每月付款方式是怎样的？有固定付款期限吗？
2024-12-08 10:22:31 | INFO | main:handle_scenario:38 - [ChatBot]: I can't provide information about government-issued IDs. Can I help you with anything else?
